# JRE version: OpenJDK Runtime Environment Temurin-17.0.10+7 (17.0.10+7) (build 17.0.10+7)
# Java VM: OpenJDK 64-Bit Server VM Temurin-17.0.10+7 (17.0.10+7, mixed mode, tiered, compressed oops, compressed class ptrs, parallel gc, windows-amd64)
GC Precious Log:
 CPUs: 4 total, 4 available
 Memory: 8135M
 Large Page Support: Disabled
 NUMA Support: Disabled
 Compressed Oops: Enabled (32-bit)
 Alignments: Space 512K, Generation 512K, Heap 2M
 Heap Min Capacity: 100M
 Heap Initial Capacity: 100M
 Heap Max Capacity: 1G
 Pre-touch: Disabled
 Parallel Workers: 4
Heap:
 PSYoungGen      total 2560K, used 487K [0x00000000eab00000, 0x00000000eb200000, 0x0000000100000000)
  eden space 2048K, 0% used [0x00000000eab00000,0x00000000eab00000,0x00000000ead00000)
  from space 512K, 95% used [0x00000000eaf00000,0x00000000eaf79d08,0x00000000eaf80000)
  to   space 2048K, 0% used [0x00000000ead00000,0x00000000ead00000,0x00000000eaf00000)
 ParOldGen       total 160768K, used 160079K [0x00000000c0000000, 0x00000000c9d00000, 0x00000000eab00000)
  object space 160768K, 99% used [0x00000000c0000000,0x00000000c9c53f98,0x00000000c9d00000)
 Metaspace       used 97697K, committed 99008K, reserved 1179648K
  class space    used 9582K, committed 10176K, reserved 1048576K
GC Heap History (20 events):
Event: 21818.424 GC heap after
{Heap after GC invocations=10145 (full 166):
 PSYoungGen      total 3072K, used 272K [0x00000000eab00000, 0x00000000eb000000, 0x0000000100000000)
  eden space 2560K, 0% used [0x00000000eab00000,0x00000000eab00000,0x00000000ead80000)
  from space 512K, 53% used [0x00000000eaf00000,0x00000000eaf44030,0x00000000eaf80000)
  to   space 512K, 0% used [0x00000000eaf80000,0x00000000eaf80000,0x00000000eb000000)
 ParOldGen       total 160768K, used 157304K [0x00000000c0000000, 0x00000000c9d00000, 0x00000000eab00000)
  object space 160768K, 97% used [0x00000000c0000000,0x00000000c999e248,0x00000000c9d00000)
 Metaspace       used 97697K, committed 99008K, reserved 1179648K
  class space    used 9582K, committed 10176K, reserved 1048576K
}
Event: 21818.439 GC heap before
{Heap before GC invocations=10146 (full 166):
 PSYoungGen      total 3072K, used 2832K [0x00000000eab00000, 0x00000000eb000000, 0x0000000100000000)
  eden space 2560K, 100% used [0x00000000eab00000,0x00000000ead80000,0x00000000ead80000)
  from space 512K, 53% used [0x00000000eaf00000,0x00000000eaf44030,0x00000000eaf80000)
  to   space 512K, 0% used [0x00000000eaf80000,0x00000000eaf80000,0x00000000eb000000)
 ParOldGen       total 160768K, used 157304K [0x00000000c0000000, 0x00000000c9d00000, 0x00000000eab00000)
  object space 160768K, 97% used [0x00000000c0000000,0x00000000c999e248,0x00000000c9d00000)
 Metaspace       used 97697K, committed 99008K, reserved 1179648K
  class space    used 9582K, committed 10176K, reserved 1048576K
}
Event: 21818.442 GC heap after
{Heap after GC invocations=10146 (full 166):
 PSYoungGen      total 3072K, used 512K [0x00000000eab00000, 0x00000000eb080000, 0x0000000100000000)
  eden space 2560K, 0% used [0x00000000eab00000,0x00000000eab00000,0x00000000ead80000)
  from space 512K, 100% used [0x00000000eaf80000,0x00000000eb000000,0x00000000eb000000)
  to   space 1536K, 0% used [0x00000000ead80000,0x00000000ead80000,0x00000000eaf00000)
 ParOldGen       total 160768K, used 158012K [0x00000000c0000000, 0x00000000c9d00000, 0x00000000eab00000)
  object space 160768K, 98% used [0x00000000c0000000,0x00000000c9a4f018,0x00000000c9d00000)
 Metaspace       used 97697K, committed 99008K, reserved 1179648K
  class space    used 9582K, committed 10176K, reserved 1048576K
}
Event: 21818.448 GC heap before
{Heap before GC invocations=10147 (full 166):
 PSYoungGen      total 3072K, used 3072K [0x00000000eab00000, 0x00000000eb080000, 0x0000000100000000)
  eden space 2560K, 100% used [0x00000000eab00000,0x00000000ead80000,0x00000000ead80000)
  from space 512K, 100% used [0x00000000eaf80000,0x00000000eb000000,0x00000000eb000000)
  to   space 1536K, 0% used [0x00000000ead80000,0x00000000ead80000,0x00000000eaf00000)
 ParOldGen       total 160768K, used 158012K [0x00000000c0000000, 0x00000000c9d00000, 0x00000000eab00000)
  object space 160768K, 98% used [0x00000000c0000000,0x00000000c9a4f018,0x00000000c9d00000)
 Metaspace       used 97697K, committed 99008K, reserved 1179648K
  class space    used 9582K, committed 10176K, reserved 1048576K
}
Event: 21818.450 GC heap after
{Heap after GC invocations=10147 (full 166):
 PSYoungGen      total 4096K, used 160K [0x00000000eab00000, 0x00000000eb000000, 0x0000000100000000)
  eden space 2560K, 0% used [0x00000000eab00000,0x00000000eab00000,0x00000000ead80000)
  from space 1536K, 10% used [0x00000000ead80000,0x00000000eada8000,0x00000000eaf00000)
  to   space 1024K, 0% used [0x00000000eaf00000,0x00000000eaf00000,0x00000000eb000000)
 ParOldGen       total 160768K, used 158552K [0x00000000c0000000, 0x00000000c9d00000, 0x00000000eab00000)
  object space 160768K, 98% used [0x00000000c0000000,0x00000000c9ad6290,0x00000000c9d00000)
 Metaspace       used 97697K, committed 99008K, reserved 1179648K
  class space    used 9582K, committed 10176K, reserved 1048576K
}
Event: 21818.461 GC heap before
{Heap before GC invocations=10148 (full 166):
 PSYoungGen      total 4096K, used 2720K [0x00000000eab00000, 0x00000000eb000000, 0x0000000100000000)
  eden space 2560K, 100% used [0x00000000eab00000,0x00000000ead80000,0x00000000ead80000)
  from space 1536K, 10% used [0x00000000ead80000,0x00000000eada8000,0x00000000eaf00000)
  to   space 1024K, 0% used [0x00000000eaf00000,0x00000000eaf00000,0x00000000eb000000)
 ParOldGen       total 160768K, used 158552K [0x00000000c0000000, 0x00000000c9d00000, 0x00000000eab00000)
  object space 160768K, 98% used [0x00000000c0000000,0x00000000c9ad6290,0x00000000c9d00000)
 Metaspace       used 97697K, committed 99008K, reserved 1179648K
  class space    used 9582K, committed 10176K, reserved 1048576K
}
Event: 21818.463 GC heap after
{Heap after GC invocations=10148 (full 166):
 PSYoungGen      total 3072K, used 128K [0x00000000eab00000, 0x00000000eaf80000, 0x0000000100000000)
  eden space 2560K, 0% used [0x00000000eab00000,0x00000000eab00000,0x00000000ead80000)
  from space 512K, 25% used [0x00000000eaf00000,0x00000000eaf20000,0x00000000eaf80000)
  to   space 512K, 0% used [0x00000000eae80000,0x00000000eae80000,0x00000000eaf00000)
 ParOldGen       total 160768K, used 158656K [0x00000000c0000000, 0x00000000c9d00000, 0x00000000eab00000)
  object space 160768K, 98% used [0x00000000c0000000,0x00000000c9af0290,0x00000000c9d00000)
 Metaspace       used 97697K, committed 99008K, reserved 1179648K
  class space    used 9582K, committed 10176K, reserved 1048576K
}
Event: 21818.473 GC heap before
{Heap before GC invocations=10149 (full 166):
 PSYoungGen      total 3072K, used 2688K [0x00000000eab00000, 0x00000000eaf80000, 0x0000000100000000)
  eden space 2560K, 100% used [0x00000000eab00000,0x00000000ead80000,0x00000000ead80000)
  from space 512K, 25% used [0x00000000eaf00000,0x00000000eaf20000,0x00000000eaf80000)
  to   space 512K, 0% used [0x00000000eae80000,0x00000000eae80000,0x00000000eaf00000)
 ParOldGen       total 160768K, used 158656K [0x00000000c0000000, 0x00000000c9d00000, 0x00000000eab00000)
  object space 160768K, 98% used [0x00000000c0000000,0x00000000c9af0290,0x00000000c9d00000)
 Metaspace       used 97697K, committed 99008K, reserved 1179648K
  class space    used 9582K, committed 10176K, reserved 1048576K
}
Event: 21818.474 GC heap after
{Heap after GC invocations=10149 (full 166):
 PSYoungGen      total 3072K, used 128K [0x00000000eab00000, 0x00000000eaf80000, 0x0000000100000000)
  eden space 2560K, 0% used [0x00000000eab00000,0x00000000eab00000,0x00000000ead80000)
  from space 512K, 25% used [0x00000000eae80000,0x00000000eaea0000,0x00000000eaf00000)
  to   space 512K, 0% used [0x00000000eaf00000,0x00000000eaf00000,0x00000000eaf80000)
 ParOldGen       total 160768K, used 158680K [0x00000000c0000000, 0x00000000c9d00000, 0x00000000eab00000)
  object space 160768K, 98% used [0x00000000c0000000,0x00000000c9af6290,0x00000000c9d00000)
 Metaspace       used 97697K, committed 99008K, reserved 1179648K
  class space    used 9582K, committed 10176K, reserved 1048576K
}
Event: 21818.483 GC heap before
{Heap before GC invocations=10150 (full 166):
 PSYoungGen      total 3072K, used 2688K [0x00000000eab00000, 0x00000000eaf80000, 0x0000000100000000)
  eden space 2560K, 100% used [0x00000000eab00000,0x00000000ead80000,0x00000000ead80000)
  from space 512K, 25% used [0x00000000eae80000,0x00000000eaea0000,0x00000000eaf00000)
  to   space 512K, 0% used [0x00000000eaf00000,0x00000000eaf00000,0x00000000eaf80000)
 ParOldGen       total 160768K, used 158680K [0x00000000c0000000, 0x00000000c9d00000, 0x00000000eab00000)
  object space 160768K, 98% used [0x00000000c0000000,0x00000000c9af6290,0x00000000c9d00000)
 Metaspace       used 97697K, committed 99008K, reserved 1179648K
  class space    used 9582K, committed 10176K, reserved 1048576K
}
Event: 21818.485 GC heap after
{Heap after GC invocations=10150 (full 166):
 PSYoungGen      total 3072K, used 192K [0x00000000eab00000, 0x00000000eaf80000, 0x0000000100000000)
  eden space 2560K, 0% used [0x00000000eab00000,0x00000000eab00000,0x00000000ead80000)
  from space 512K, 37% used [0x00000000eaf00000,0x00000000eaf30000,0x00000000eaf80000)
  to   space 512K, 0% used [0x00000000eae80000,0x00000000eae80000,0x00000000eaf00000)
 ParOldGen       total 160768K, used 158704K [0x00000000c0000000, 0x00000000c9d00000, 0x00000000eab00000)
  object space 160768K, 98% used [0x00000000c0000000,0x00000000c9afc290,0x00000000c9d00000)
 Metaspace       used 97697K, committed 99008K, reserved 1179648K
  class space    used 9582K, committed 10176K, reserved 1048576K
}
Event: 21818.496 GC heap before
{Heap before GC invocations=10151 (full 166):
 PSYoungGen      total 3072K, used 2752K [0x00000000eab00000, 0x00000000eaf80000, 0x0000000100000000)
  eden space 2560K, 100% used [0x00000000eab00000,0x00000000ead80000,0x00000000ead80000)
  from space 512K, 37% used [0x00000000eaf00000,0x00000000eaf30000,0x00000000eaf80000)
  to   space 512K, 0% used [0x00000000eae80000,0x00000000eae80000,0x00000000eaf00000)
 ParOldGen       total 160768K, used 158704K [0x00000000c0000000, 0x00000000c9d00000, 0x00000000eab00000)
  object space 160768K, 98% used [0x00000000c0000000,0x00000000c9afc290,0x00000000c9d00000)
 Metaspace       used 97697K, committed 99008K, reserved 1179648K
  class space    used 9582K, committed 10176K, reserved 1048576K
}
Event: 21818.498 GC heap after
{Heap after GC invocations=10151 (full 166):
 PSYoungGen      total 3072K, used 128K [0x00000000eab00000, 0x00000000eaf80000, 0x0000000100000000)
  eden space 2560K, 0% used [0x00000000eab00000,0x00000000eab00000,0x00000000ead80000)
  from space 512K, 25% used [0x00000000eae80000,0x00000000eaea0000,0x00000000eaf00000)
  to   space 512K, 0% used [0x00000000eaf00000,0x00000000eaf00000,0x00000000eaf80000)
 ParOldGen       total 160768K, used 158800K [0x00000000c0000000, 0x00000000c9d00000, 0x00000000eab00000)
  object space 160768K, 98% used [0x00000000c0000000,0x00000000c9b14290,0x00000000c9d00000)
 Metaspace       used 97697K, committed 99008K, reserved 1179648K
  class space    used 9582K, committed 10176K, reserved 1048576K
}
Event: 21818.510 GC heap before
{Heap before GC invocations=10152 (full 166):
 PSYoungGen      total 3072K, used 2688K [0x00000000eab00000, 0x00000000eaf80000, 0x0000000100000000)
  eden space 2560K, 100% used [0x00000000eab00000,0x00000000ead80000,0x00000000ead80000)
  from space 512K, 25% used [0x00000000eae80000,0x00000000eaea0000,0x00000000eaf00000)
  to   space 512K, 0% used [0x00000000eaf00000,0x00000000eaf00000,0x00000000eaf80000)
 ParOldGen       total 160768K, used 158800K [0x00000000c0000000, 0x00000000c9d00000, 0x00000000eab00000)
  object space 160768K, 98% used [0x00000000c0000000,0x00000000c9b14290,0x00000000c9d00000)
 Metaspace       used 97697K, committed 99008K, reserved 1179648K
  class space    used 9582K, committed 10176K, reserved 1048576K
}
Event: 21818.514 GC heap after
{Heap after GC invocations=10152 (full 166):
 PSYoungGen      total 3584K, used 128K [0x00000000eab00000, 0x00000000eaf80000, 0x0000000100000000)
  eden space 3072K, 0% used [0x00000000eab00000,0x00000000eab00000,0x00000000eae00000)
  from space 512K, 25% used [0x00000000eaf00000,0x00000000eaf20000,0x00000000eaf80000)
  to   space 512K, 0% used [0x00000000eae80000,0x00000000eae80000,0x00000000eaf00000)
 ParOldGen       total 160768K, used 158824K [0x00000000c0000000, 0x00000000c9d00000, 0x00000000eab00000)
  object space 160768K, 98% used [0x00000000c0000000,0x00000000c9b1a290,0x00000000c9d00000)
 Metaspace       used 97697K, committed 99008K, reserved 1179648K
  class space    used 9582K, committed 10176K, reserved 1048576K
}
Event: 22134.091 GC heap before
{Heap before GC invocations=10153 (full 166):
 PSYoungGen      total 3584K, used 3200K [0x00000000eab00000, 0x00000000eaf80000, 0x0000000100000000)
  eden space 3072K, 100% used [0x00000000eab00000,0x00000000eae00000,0x00000000eae00000)
  from space 512K, 25% used [0x00000000eaf00000,0x00000000eaf20000,0x00000000eaf80000)
  to   space 512K, 0% used [0x00000000eae80000,0x00000000eae80000,0x00000000eaf00000)
 ParOldGen       total 160768K, used 158824K [0x00000000c0000000, 0x00000000c9d00000, 0x00000000eab00000)
  object space 160768K, 98% used [0x00000000c0000000,0x00000000c9b1a290,0x00000000c9d00000)
 Metaspace       used 97697K, committed 99008K, reserved 1179648K
  class space    used 9582K, committed 10176K, reserved 1048576K
}
Event: 22134.093 GC heap after
{Heap after GC invocations=10153 (full 166):
 PSYoungGen      total 3584K, used 128K [0x00000000eab00000, 0x00000000eaf80000, 0x0000000100000000)
  eden space 3072K, 0% used [0x00000000eab00000,0x00000000eab00000,0x00000000eae00000)
  from space 512K, 25% used [0x00000000eae80000,0x00000000eaea0000,0x00000000eaf00000)
  to   space 512K, 0% used [0x00000000eaf00000,0x00000000eaf00000,0x00000000eaf80000)
 ParOldGen       total 160768K, used 158840K [0x00000000c0000000, 0x00000000c9d00000, 0x00000000eab00000)
  object space 160768K, 98% used [0x00000000c0000000,0x00000000c9b1e290,0x00000000c9d00000)
 Metaspace       used 97697K, committed 99008K, reserved 1179648K
  class space    used 9582K, committed 10176K, reserved 1048576K
}
Event: 22138.389 GC heap before
{Heap before GC invocations=10154 (full 166):
 PSYoungGen      total 3584K, used 3200K [0x00000000eab00000, 0x00000000eaf80000, 0x0000000100000000)
  eden space 3072K, 100% used [0x00000000eab00000,0x00000000eae00000,0x00000000eae00000)
  from space 512K, 25% used [0x00000000eae80000,0x00000000eaea0000,0x00000000eaf00000)
  to   space 512K, 0% used [0x00000000eaf00000,0x00000000eaf00000,0x00000000eaf80000)
 ParOldGen       total 160768K, used 158840K [0x00000000c0000000, 0x00000000c9d00000, 0x00000000eab00000)
  object space 160768K, 98% used [0x00000000c0000000,0x00000000c9b1e290,0x00000000c9d00000)
 Metaspace       used 97697K, committed 99008K, reserved 1179648K
  class space    used 9582K, committed 10176K, reserved 1048576K
}
Event: 22138.393 GC heap after
{Heap after GC invocations=10154 (full 166):
 PSYoungGen      total 2560K, used 487K [0x00000000eab00000, 0x00000000eb200000, 0x0000000100000000)
  eden space 2048K, 0% used [0x00000000eab00000,0x00000000eab00000,0x00000000ead00000)
  from space 512K, 95% used [0x00000000eaf00000,0x00000000eaf79d08,0x00000000eaf80000)
  to   space 2048K, 0% used [0x00000000ead00000,0x00000000ead00000,0x00000000eaf00000)
 ParOldGen       total 160768K, used 160079K [0x00000000c0000000, 0x00000000c9d00000, 0x00000000eab00000)
  object space 160768K, 99% used [0x00000000c0000000,0x00000000c9c53f98,0x00000000c9d00000)
 Metaspace       used 97697K, committed 99008K, reserved 1179648K
  class space    used 9582K, committed 10176K, reserved 1048576K
}
Event: 22138.393 GC heap before
{Heap before GC invocations=10155 (full 167):
 PSYoungGen      total 2560K, used 487K [0x00000000eab00000, 0x00000000eb200000, 0x0000000100000000)
  eden space 2048K, 0% used [0x00000000eab00000,0x00000000eab00000,0x00000000ead00000)
  from space 512K, 95% used [0x00000000eaf00000,0x00000000eaf79d08,0x00000000eaf80000)
  to   space 2048K, 0% used [0x00000000ead00000,0x00000000ead00000,0x00000000eaf00000)
 ParOldGen       total 160768K, used 160079K [0x00000000c0000000, 0x00000000c9d00000, 0x00000000eab00000)
  object space 160768K, 99% used [0x00000000c0000000,0x00000000c9c53f98,0x00000000c9d00000)
 Metaspace       used 97697K, committed 99008K, reserved 1179648K
  class space    used 9582K, committed 10176K, reserved 1048576K
}

